# project libcsp (1.4) configured on Fri Apr 21 11:45:41 2017 by
# waf 1.6.9 (abi 98, python 2070cf0 on linux2)
# using ./waf configure
#
----------------------------------------
Setting top to
/home/bbruner/Dropbox/ExAlta1/GroundStation/git/albertasat-ground-station/lib/libcsp
----------------------------------------
Setting out to
/home/bbruner/Dropbox/ExAlta1/GroundStation/git/albertasat-ground-station/lib/libcsp/build
----------------------------------------
Checking for program gcc,cc
/usr/bin/gcc
find program=['gcc', 'cc'] paths=['/home/bbruner/Dropbox/ExAlta1/GroundStation/git/nanomind/toolchain/64bit/arm-none-eabi-4.6/bin', '/home/bbruner/bin', '/home/bbruner/.local/bin', '/usr/local/sbin', '/usr/local/bin', '/usr/sbin', '/usr/bin', '/sbin', '/bin', '/usr/games', '/usr/local/games', '/snap/bin'] var='CC' -> '/usr/bin/gcc'
----------------------------------------
Checking for program ar
/usr/bin/ar
find program=['ar'] paths=['/home/bbruner/Dropbox/ExAlta1/GroundStation/git/nanomind/toolchain/64bit/arm-none-eabi-4.6/bin', '/home/bbruner/bin', '/home/bbruner/.local/bin', '/usr/local/sbin', '/usr/local/bin', '/usr/sbin', '/usr/bin', '/sbin', '/bin', '/usr/games', '/usr/local/games', '/snap/bin'] var='AR' -> '/usr/bin/ar'
----------------------------------------
Checking for endianness
==>

short int ascii_mm[] = { 0x4249, 0x4765, 0x6E44, 0x6961, 0x6E53, 0x7953, 0 };
short int ascii_ii[] = { 0x694C, 0x5454, 0x656C, 0x6E45, 0x6944, 0x6E61, 0 };
int use_ascii (int i) {
	return ascii_mm[i] + ascii_ii[i];
}
short int ebcdic_ii[] = { 0x89D3, 0xE3E3, 0x8593, 0x95C5, 0x89C4, 0x9581, 0 };
short int ebcdic_mm[] = { 0xC2C9, 0xC785, 0x95C4, 0x8981, 0x95E2, 0xA8E2, 0 };
int use_ebcdic (int i) {
	return ebcdic_mm[i] + ebcdic_ii[i];
}
extern int foo;

<==
[1/2] [32mc: build/.conf_check_95e7784f558ddc56fb8c8d818de6101c/test.c -> build/.conf_check_95e7784f558ddc56fb8c8d818de6101c/testbuild/test.c.1.o
[0m
['/usr/bin/gcc', '-Os', '-Wall', '-g', '-std=gnu99', '-DGIT_REV="322f063"', '-DCSP_POSIX=1', '-DCSP_DEBUG=1', '-DCSP_CONN_MAX=10', '-DCSP_CONN_QUEUE_LENGTH=100', '-DCSP_FIFO_INPUT=10', '-DCSP_MAX_BIND_PORT=31', '-DCSP_RDP_MAX_WINDOW=20', '-DCSP_PADDING_BYTES=8', '-DCSP_TRANSACTION_SO=0', '-DCSP_LOG_LEVEL_DEBUG=1', '-DCSP_LOG_LEVEL_INFO=1', '-DCSP_LOG_LEVEL_WARN=1', '-DCSP_LOG_LEVEL_ERROR=1', '../test.c', '-c', '-o', 'test.c.1.o']
[2/2] [35mgrep_for_endianness: build/.conf_check_95e7784f558ddc56fb8c8d818de6101c/testbuild/test.c.1.o
[0m
little
----------------------------------------
Checking for header stdbool.h
==>
#include <stdbool.h>

int main() {
	return 0;
}

<==
[1/2] [32mc: build/.conf_check_1b24b0b3c24d53ce072660942760a09c/test.c -> build/.conf_check_1b24b0b3c24d53ce072660942760a09c/testbuild/test.c.1.o
[0m
['/usr/bin/gcc', '-Os', '-Wall', '-g', '-std=gnu99', '-DGIT_REV="322f063"', '-DCSP_POSIX=1', '-DCSP_DEBUG=1', '-DCSP_CONN_MAX=10', '-DCSP_CONN_QUEUE_LENGTH=100', '-DCSP_FIFO_INPUT=10', '-DCSP_MAX_BIND_PORT=31', '-DCSP_RDP_MAX_WINDOW=20', '-DCSP_PADDING_BYTES=8', '-DCSP_TRANSACTION_SO=0', '-DCSP_LOG_LEVEL_DEBUG=1', '-DCSP_LOG_LEVEL_INFO=1', '-DCSP_LOG_LEVEL_WARN=1', '-DCSP_LOG_LEVEL_ERROR=1', '-DCSP_LITTLE_ENDIAN=1', '../test.c', '-c', '-o', 'test.c.1.o']
[2/2] [33mcstlib: build/.conf_check_1b24b0b3c24d53ce072660942760a09c/testbuild/test.c.1.o -> build/.conf_check_1b24b0b3c24d53ce072660942760a09c/testbuild/libtestprog.a
[0m
['/usr/bin/ar', 'rcs', 'libtestprog.a', 'test.c.1.o']
yes
